::1 - - [07/Nov/2017:11:14:46 +0000] "GET / HTTP/1.1" 200 34 "-" "curl/7.54.0"
::1 - - [07/Nov/2017:11:14:56 +0000] "GET / HTTP/1.1" 200 34 "-" "curl/7.54.0"
::1 - - [07/Nov/2017:11:15:03 +0000] "GET /app HTTP/1.1" 400 25 "-" "curl/7.54.0"
::1 - - [07/Nov/2017:13:53:52 +0000] "GET / HTTP/1.1" 200 34 "-" "curl/7.54.0"
::1 - - [16/Nov/2017:13:02:26 +0000] "GET /v4?personalised_instance_id=default&country=bwa&instance_slug=bwa HTTP/1.1" 500 - "http://bwa.localhost:8080/meta/home" "Mozilla/5.0 (Macintosh; Intel Mac OS X 10_12_6) AppleWebKit/537.36 (KHTML, like Gecko) Chrome/62.0.3202.94 Safari/537.36"
::1 - - [16/Nov/2017:13:02:28 +0000] "GET /v4?personalised_instance_id=default&country=bwa&instance_slug=bwa HTTP/1.1" 500 - "http://bwa.localhost:8080/irs/monitor" "Mozilla/5.0 (Macintosh; Intel Mac OS X 10_12_6) AppleWebKit/537.36 (KHTML, like Gecko) Chrome/62.0.3202.94 Safari/537.36"
::1 - - [16/Nov/2017:13:02:52 +0000] "POST /v4/login?personalised_instance_id=default&country=bwa&instance_slug=bwa HTTP/1.1" 500 - "http://bwa.localhost:8080/meta/login" "Mozilla/5.0 (Macintosh; Intel Mac OS X 10_12_6) AppleWebKit/537.36 (KHTML, like Gecko) Chrome/62.0.3202.94 Safari/537.36"
::1 - - [16/Nov/2017:13:03:14 +0000] "POST /v4/login?personalised_instance_id=default&country=bwa&instance_slug=bwa HTTP/1.1" 500 - "http://bwa.localhost:8080/meta/login" "Mozilla/5.0 (Macintosh; Intel Mac OS X 10_12_6) AppleWebKit/537.36 (KHTML, like Gecko) Chrome/62.0.3202.94 Safari/537.36"
::1 - - [16/Nov/2017:13:04:50 +0000] "POST /v4/login?personalised_instance_id=default&country=bwa&instance_slug=bwa HTTP/1.1" 401 60 "http://bwa.localhost:8080/meta/login" "Mozilla/5.0 (Macintosh; Intel Mac OS X 10_12_6) AppleWebKit/537.36 (KHTML, like Gecko) Chrome/62.0.3202.94 Safari/537.36"
::1 - - [16/Nov/2017:13:05:00 +0000] "POST /v4/login?personalised_instance_id=default&country=bwa&instance_slug=bwa HTTP/1.1" 401 60 "http://bwa.localhost:8080/meta/login" "Mozilla/5.0 (Macintosh; Intel Mac OS X 10_12_6) AppleWebKit/537.36 (KHTML, like Gecko) Chrome/62.0.3202.94 Safari/537.36"
::1 - - [16/Nov/2017:13:05:02 +0000] "POST /v4/login?personalised_instance_id=default&country=bwa&instance_slug=bwa HTTP/1.1" 401 60 "http://bwa.localhost:8080/meta/login" "Mozilla/5.0 (Macintosh; Intel Mac OS X 10_12_6) AppleWebKit/537.36 (KHTML, like Gecko) Chrome/62.0.3202.94 Safari/537.36"
::1 - - [16/Nov/2017:13:10:10 +0000] "POST /v4/login?personalised_instance_id=default&country=bwa&instance_slug=bwa HTTP/1.1" 200 257 "http://bwa.localhost:8080/meta/login" "Mozilla/5.0 (Macintosh; Intel Mac OS X 10_12_6) AppleWebKit/537.36 (KHTML, like Gecko) Chrome/62.0.3202.94 Safari/537.36"
::1 - - [16/Nov/2017:13:10:18 +0000] "POST /v4/login?personalised_instance_id=default&country=bwa&instance_slug=bwa HTTP/1.1" 200 257 "http://bwa.localhost:8080/meta/login" "Mozilla/5.0 (Macintosh; Intel Mac OS X 10_12_6) AppleWebKit/537.36 (KHTML, like Gecko) Chrome/62.0.3202.94 Safari/537.36"
::1 - - [16/Nov/2017:13:11:46 +0000] "POST /v4/login?personalised_instance_id=default&country=bwa&instance_slug=bwa HTTP/1.1" 200 638 "http://bwa.localhost:8080/meta/login" "Mozilla/5.0 (Macintosh; Intel Mac OS X 10_12_6) AppleWebKit/537.36 (KHTML, like Gecko) Chrome/62.0.3202.94 Safari/537.36"
::1 - - [16/Nov/2017:13:11:48 +0000] "POST /v4/login?personalised_instance_id=default&country=bwa&instance_slug=bwa HTTP/1.1" 200 638 "http://bwa.localhost:8080/meta/login" "Mozilla/5.0 (Macintosh; Intel Mac OS X 10_12_6) AppleWebKit/537.36 (KHTML, like Gecko) Chrome/62.0.3202.94 Safari/537.36"
::1 - - [16/Nov/2017:13:11:49 +0000] "POST /v4/login?personalised_instance_id=default&country=bwa&instance_slug=bwa HTTP/1.1" 200 638 "http://bwa.localhost:8080/meta/login" "Mozilla/5.0 (Macintosh; Intel Mac OS X 10_12_6) AppleWebKit/537.36 (KHTML, like Gecko) Chrome/62.0.3202.94 Safari/537.36"
::1 - - [16/Nov/2017:13:12:36 +0000] "GET /v4?personalised_instance_id=default&country=swz&instance_slug=swz HTTP/1.1" 401 80 "http://swz.localhost:8080/meta/home" "Mozilla/5.0 (Macintosh; Intel Mac OS X 10_12_6) AppleWebKit/537.36 (KHTML, like Gecko) Chrome/62.0.3202.94 Safari/537.36"
::1 - - [16/Nov/2017:13:13:06 +0000] "POST /v4/login?personalised_instance_id=default&country=swz&instance_slug=swz HTTP/1.1" 200 638 "http://swz.localhost:8080/meta/login" "Mozilla/5.0 (Macintosh; Intel Mac OS X 10_12_6) AppleWebKit/537.36 (KHTML, like Gecko) Chrome/62.0.3202.94 Safari/537.36"
::1 - - [16/Nov/2017:13:17:50 +0000] "POST /v4/record/create?personalised_instance_id=default&country=swz&instance_slug=swz HTTP/1.1" 201 - "http://swz.localhost:8080/irs/record_point/list" "Mozilla/5.0 (Macintosh; Intel Mac OS X 10_12_6) AppleWebKit/537.36 (KHTML, like Gecko) Chrome/62.0.3202.94 Safari/537.36"
::1 - - [16/Nov/2017:13:18:19 +0000] "POST /v4/record/create?personalised_instance_id=default&country=swz&instance_slug=swz HTTP/1.1" 201 - "http://swz.localhost:8080/irs/record_point/list" "Mozilla/5.0 (Macintosh; Intel Mac OS X 10_12_6) AppleWebKit/537.36 (KHTML, like Gecko) Chrome/62.0.3202.94 Safari/537.36"
::1 - - [16/Nov/2017:13:18:38 +0000] "POST /v4/record/create?personalised_instance_id=default&country=swz&instance_slug=swz HTTP/1.1" 201 - "http://swz.localhost:8080/irs/record_point/list" "Mozilla/5.0 (Macintosh; Intel Mac OS X 10_12_6) AppleWebKit/537.36 (KHTML, like Gecko) Chrome/62.0.3202.94 Safari/537.36"
::1 - - [16/Nov/2017:13:19:18 +0000] "POST /v4/record/create?personalised_instance_id=default&country=swz&instance_slug=swz HTTP/1.1" 201 - "http://swz.localhost:8080/irs/record_point/list" "Mozilla/5.0 (Macintosh; Intel Mac OS X 10_12_6) AppleWebKit/537.36 (KHTML, like Gecko) Chrome/62.0.3202.94 Safari/537.36"
::1 - - [16/Nov/2017:13:19:36 +0000] "POST /v4/record/create?personalised_instance_id=default&country=swz&instance_slug=swz HTTP/1.1" 201 - "http://swz.localhost:8080/irs/record_point/list" "Mozilla/5.0 (Macintosh; Intel Mac OS X 10_12_6) AppleWebKit/537.36 (KHTML, like Gecko) Chrome/62.0.3202.94 Safari/537.36"
::1 - - [16/Nov/2017:13:20:18 +0000] "POST /v4/record/create?personalised_instance_id=default&country=swz&instance_slug=swz HTTP/1.1" 201 - "http://swz.localhost:8080/irs/record_point/list" "Mozilla/5.0 (Macintosh; Intel Mac OS X 10_12_6) AppleWebKit/537.36 (KHTML, like Gecko) Chrome/62.0.3202.94 Safari/537.36"
::1 - - [16/Nov/2017:13:20:56 +0000] "POST /v4/record/create?personalised_instance_id=default&country=swz&instance_slug=swz HTTP/1.1" 201 - "http://swz.localhost:8080/irs/record_point/list" "Mozilla/5.0 (Macintosh; Intel Mac OS X 10_12_6) AppleWebKit/537.36 (KHTML, like Gecko) Chrome/62.0.3202.94 Safari/537.36"
::1 - - [16/Nov/2017:13:21:14 +0000] "POST /v4/record/create?personalised_instance_id=default&country=swz&instance_slug=swz HTTP/1.1" 201 - "http://swz.localhost:8080/irs/record_point/list" "Mozilla/5.0 (Macintosh; Intel Mac OS X 10_12_6) AppleWebKit/537.36 (KHTML, like Gecko) Chrome/62.0.3202.94 Safari/537.36"
::1 - - [16/Nov/2017:13:21:55 +0000] "POST /v4/record/create?personalised_instance_id=default&country=swz&instance_slug=swz HTTP/1.1" 201 - "http://swz.localhost:8080/irs/record_point/list" "Mozilla/5.0 (Macintosh; Intel Mac OS X 10_12_6) AppleWebKit/537.36 (KHTML, like Gecko) Chrome/62.0.3202.94 Safari/537.36"
::1 - - [16/Nov/2017:13:22:16 +0000] "POST /v4/record/create?personalised_instance_id=default&country=swz&instance_slug=swz HTTP/1.1" 201 - "http://swz.localhost:8080/irs/record_point/list" "Mozilla/5.0 (Macintosh; Intel Mac OS X 10_12_6) AppleWebKit/537.36 (KHTML, like Gecko) Chrome/62.0.3202.94 Safari/537.36"
::1 - - [16/Nov/2017:13:23:19 +0000] "POST /v4/record/create?personalised_instance_id=default&country=swz&instance_slug=swz HTTP/1.1" 201 - "http://swz.localhost:8080/irs/record_point/list" "Mozilla/5.0 (Macintosh; Intel Mac OS X 10_12_6) AppleWebKit/537.36 (KHTML, like Gecko) Chrome/62.0.3202.94 Safari/537.36"
::1 - - [16/Nov/2017:13:23:42 +0000] "POST /v4/record/create?personalised_instance_id=default&country=swz&instance_slug=swz HTTP/1.1" 201 - "http://swz.localhost:8080/irs/record_point/list" "Mozilla/5.0 (Macintosh; Intel Mac OS X 10_12_6) AppleWebKit/537.36 (KHTML, like Gecko) Chrome/62.0.3202.94 Safari/537.36"
::1 - - [16/Nov/2017:13:24:34 +0000] "POST /v4/record/create?personalised_instance_id=default&country=swz&instance_slug=swz HTTP/1.1" 201 - "http://swz.localhost:8080/irs/record_point/list" "Mozilla/5.0 (Macintosh; Intel Mac OS X 10_12_6) AppleWebKit/537.36 (KHTML, like Gecko) Chrome/62.0.3202.94 Safari/537.36"
::1 - - [16/Nov/2017:13:24:59 +0000] "POST /v4/record/create?personalised_instance_id=default&country=swz&instance_slug=swz HTTP/1.1" 201 - "http://swz.localhost:8080/irs/record_point/list" "Mozilla/5.0 (Macintosh; Intel Mac OS X 10_12_6) AppleWebKit/537.36 (KHTML, like Gecko) Chrome/62.0.3202.94 Safari/537.36"
::1 - - [16/Nov/2017:13:25:59 +0000] "POST /v4/record/create?personalised_instance_id=default&country=swz&instance_slug=swz HTTP/1.1" 201 - "http://swz.localhost:8080/irs/record_point/list" "Mozilla/5.0 (Macintosh; Intel Mac OS X 10_12_6) AppleWebKit/537.36 (KHTML, like Gecko) Chrome/62.0.3202.94 Safari/537.36"
::1 - - [16/Nov/2017:13:26:25 +0000] "POST /v4/record/create?personalised_instance_id=default&country=swz&instance_slug=swz HTTP/1.1" 201 - "http://swz.localhost:8080/irs/record_point/list" "Mozilla/5.0 (Macintosh; Intel Mac OS X 10_12_6) AppleWebKit/537.36 (KHTML, like Gecko) Chrome/62.0.3202.94 Safari/537.36"
::1 - - [16/Nov/2017:13:27:24 +0000] "POST /v4/record/create?personalised_instance_id=default&country=swz&instance_slug=swz HTTP/1.1" 201 - "http://swz.localhost:8080/irs/record_point/list" "Mozilla/5.0 (Macintosh; Intel Mac OS X 10_12_6) AppleWebKit/537.36 (KHTML, like Gecko) Chrome/62.0.3202.94 Safari/537.36"
::1 - - [16/Nov/2017:13:27:55 +0000] "POST /v4/record/create?personalised_instance_id=default&country=swz&instance_slug=swz HTTP/1.1" 201 - "http://swz.localhost:8080/irs/record_point/list" "Mozilla/5.0 (Macintosh; Intel Mac OS X 10_12_6) AppleWebKit/537.36 (KHTML, like Gecko) Chrome/62.0.3202.94 Safari/537.36"
::1 - - [21/Nov/2017:08:35:51 +0000] "GET /v4?personalised_instance_id=banepolu-825&country=bwa&instance_slug=bwa HTTP/1.1" 200 34 "http://bwa.localhost:8080/irs/record_point/list" "Mozilla/5.0 (Macintosh; Intel Mac OS X 10_12_6) AppleWebKit/537.36 (KHTML, like Gecko) Chrome/62.0.3202.94 Safari/537.36"
::1 - - [21/Nov/2017:08:37:21 +0000] "GET /v4?personalised_instance_id=banepolu-825&country=bwa&instance_slug=bwa HTTP/1.1" 304 - "http://bwa.localhost:8080/irs/record_point/list" "Mozilla/5.0 (Macintosh; Intel Mac OS X 10_12_6) AppleWebKit/537.36 (KHTML, like Gecko) Chrome/62.0.3202.94 Safari/537.36"
::1 - - [21/Nov/2017:08:37:52 +0000] "POST /v4/login?personalised_instance_id=banepolu-825&country=bwa&instance_slug=bwa HTTP/1.1" 401 60 "http://bwa.localhost:8080/meta/login" "Mozilla/5.0 (Macintosh; Intel Mac OS X 10_12_6) AppleWebKit/537.36 (KHTML, like Gecko) Chrome/62.0.3202.94 Safari/537.36"
::1 - - [21/Nov/2017:08:38:04 +0000] "POST /v4/login?personalised_instance_id=banepolu-825&country=bwa&instance_slug=bwa HTTP/1.1" 200 638 "http://bwa.localhost:8080/meta/login" "Mozilla/5.0 (Macintosh; Intel Mac OS X 10_12_6) AppleWebKit/537.36 (KHTML, like Gecko) Chrome/62.0.3202.94 Safari/537.36"
::1 - - [21/Nov/2017:08:38:16 +0000] "POST /v4/login?personalised_instance_id=banepolu-825&country=bwa&instance_slug=bwa HTTP/1.1" 200 634 "http://bwa.localhost:8080/meta/login" "Mozilla/5.0 (Macintosh; Intel Mac OS X 10_12_6) AppleWebKit/537.36 (KHTML, like Gecko) Chrome/62.0.3202.94 Safari/537.36"
::1 - - [21/Nov/2017:08:38:35 +0000] "POST /v4/record/create?personalised_instance_id=banepolu-825&country=bwa&instance_slug=bwa HTTP/1.1" 201 - "http://bwa.localhost:8080/irs/record_point/list" "Mozilla/5.0 (Macintosh; Intel Mac OS X 10_12_6) AppleWebKit/537.36 (KHTML, like Gecko) Chrome/62.0.3202.94 Safari/537.36"
::1 - - [21/Nov/2017:08:38:35 +0000] "POST /v4/record/create?personalised_instance_id=banepolu-825&country=bwa&instance_slug=bwa HTTP/1.1" 201 - "http://bwa.localhost:8080/irs/record_point/list" "Mozilla/5.0 (Macintosh; Intel Mac OS X 10_12_6) AppleWebKit/537.36 (KHTML, like Gecko) Chrome/62.0.3202.94 Safari/537.36"
